[11:10:43] [ServerMain/INFO]: Building unoptimized datafixer
[11:10:44] [ServerMain/INFO]: Environment: authHost='https://authserver.mojang.com', accountsHost='https://api.mojang.com', sessionHost='https://sessionserver.mojang.com', servicesHost='https://api.minecraftservices.com', name='PROD'
[11:10:44] [ServerMain/INFO]: Found new data pack file/bukkit, loading it automatically
[11:10:46] [ServerMain/INFO]: Loaded 7 recipes
[11:10:47] [Server thread/INFO]: Starting minecraft server version 1.19.1
[11:10:47] [Server thread/INFO]: Loading properties
[11:10:47] [Server thread/INFO]: Default game type: CREATIVE
[11:10:47] [Server thread/INFO]: Generating keypair
[11:10:47] [Server thread/INFO]: Starting Minecraft server on *:25565
[11:10:47] [Server thread/INFO]: Using default channel type
[11:10:47] [Server thread/INFO]: This server is running CraftBukkit version 3563-Bukkit-1e3bf58 (MC: 1.19.1) (Implementing API version 1.19.1-R0.1-SNAPSHOT)
[11:10:47] [Server thread/WARN]: **** SERVER IS RUNNING IN OFFLINE/INSECURE MODE!
[11:10:47] [Server thread/WARN]: The server will make no attempt to authenticate usernames. Beware.
[11:10:47] [Server thread/WARN]: While this makes the game possible to play without internet access, it also opens up the ability for hackers to connect with any username they choose.
[11:10:47] [Server thread/WARN]: To change this, set "online-mode" to "true" in the server.properties file.
[11:10:47] [Server thread/INFO]: Preparing level "world"
[11:11:06] [Server thread/INFO]: Preparing start region for dimension minecraft:overworld
[11:11:07] [Worker-Main-15/INFO]: Preparing spawn area: 0%
[11:11:07] [Worker-Main-15/INFO]: Preparing spawn area: 0%
[11:11:07] [Worker-Main-10/INFO]: Preparing spawn area: 0%
[11:11:07] [Worker-Main-14/INFO]: Preparing spawn area: 0%
[11:11:08] [Worker-Main-9/INFO]: Preparing spawn area: 1%
[11:11:08] [Worker-Main-13/INFO]: Preparing spawn area: 2%
[11:11:09] [Worker-Main-2/INFO]: Preparing spawn area: 3%
[11:11:09] [Worker-Main-6/INFO]: Preparing spawn area: 4%
[11:11:10] [Worker-Main-8/INFO]: Preparing spawn area: 6%
[11:11:10] [Worker-Main-13/INFO]: Preparing spawn area: 7%
[11:11:11] [Worker-Main-15/INFO]: Preparing spawn area: 10%
[11:11:11] [Worker-Main-4/INFO]: Preparing spawn area: 13%
[11:11:12] [Worker-Main-4/INFO]: Preparing spawn area: 15%
[11:11:12] [Worker-Main-6/INFO]: Preparing spawn area: 17%
[11:11:13] [Worker-Main-14/INFO]: Preparing spawn area: 20%
[11:11:13] [Worker-Main-5/INFO]: Preparing spawn area: 23%
[11:11:14] [Worker-Main-14/INFO]: Preparing spawn area: 25%
[11:11:14] [Worker-Main-5/INFO]: Preparing spawn area: 29%
[11:11:15] [Worker-Main-13/INFO]: Preparing spawn area: 32%
[11:11:15] [Worker-Main-1/INFO]: Preparing spawn area: 35%
[11:11:16] [Worker-Main-6/INFO]: Preparing spawn area: 38%
[11:11:16] [Worker-Main-11/INFO]: Preparing spawn area: 42%
[11:11:17] [Worker-Main-8/INFO]: Preparing spawn area: 44%
[11:11:17] [Worker-Main-12/INFO]: Preparing spawn area: 48%
[11:11:18] [Worker-Main-9/INFO]: Preparing spawn area: 53%
[11:11:18] [Worker-Main-7/INFO]: Preparing spawn area: 55%
[11:11:19] [Worker-Main-3/INFO]: Preparing spawn area: 58%
[11:11:19] [Worker-Main-7/INFO]: Preparing spawn area: 63%
[11:11:20] [Worker-Main-15/INFO]: Preparing spawn area: 67%
[11:11:20] [Worker-Main-10/INFO]: Preparing spawn area: 70%
[11:11:21] [Worker-Main-2/INFO]: Preparing spawn area: 72%
[11:11:21] [Worker-Main-1/INFO]: Preparing spawn area: 78%
[11:11:22] [Worker-Main-11/INFO]: Preparing spawn area: 82%
[11:11:22] [Worker-Main-1/INFO]: Preparing spawn area: 85%
[11:11:23] [Worker-Main-7/INFO]: Preparing spawn area: 89%
[11:11:23] [Worker-Main-10/INFO]: Preparing spawn area: 94%
[11:11:24] [Worker-Main-11/INFO]: Preparing spawn area: 99%
[11:11:24] [Server thread/INFO]: Time elapsed: 18008 ms
[11:11:24] [Server thread/INFO]: Preparing start region for dimension minecraft:the_nether
[11:11:24] [Worker-Main-11/INFO]: Preparing spawn area: 0%
[11:11:24] [Worker-Main-10/INFO]: Preparing spawn area: 0%
[11:11:25] [Worker-Main-13/INFO]: Preparing spawn area: 2%
[11:11:25] [Worker-Main-14/INFO]: Preparing spawn area: 4%
[11:11:26] [Worker-Main-12/INFO]: Preparing spawn area: 7%
[11:11:26] [Worker-Main-6/INFO]: Preparing spawn area: 10%
[11:11:27] [Worker-Main-10/INFO]: Preparing spawn area: 15%
[11:11:27] [Worker-Main-4/INFO]: Preparing spawn area: 18%
[11:11:28] [Worker-Main-14/INFO]: Preparing spawn area: 22%
[11:11:28] [Worker-Main-13/INFO]: Preparing spawn area: 27%
[11:11:29] [Worker-Main-6/INFO]: Preparing spawn area: 31%
[11:11:29] [Worker-Main-6/INFO]: Preparing spawn area: 36%
[11:11:30] [Worker-Main-2/INFO]: Preparing spawn area: 39%
[11:11:30] [Worker-Main-7/INFO]: Preparing spawn area: 43%
[11:11:31] [Worker-Main-6/INFO]: Preparing spawn area: 50%
[11:11:31] [Worker-Main-3/INFO]: Preparing spawn area: 55%
[11:11:32] [Worker-Main-12/INFO]: Preparing spawn area: 60%
[11:11:32] [Worker-Main-6/INFO]: Preparing spawn area: 68%
[11:11:33] [Worker-Main-3/INFO]: Preparing spawn area: 72%
[11:11:33] [Worker-Main-9/INFO]: Preparing spawn area: 77%
[11:11:34] [Worker-Main-8/INFO]: Preparing spawn area: 84%
[11:11:34] [Worker-Main-2/INFO]: Preparing spawn area: 88%
[11:11:35] [Worker-Main-10/INFO]: Preparing spawn area: 96%
[11:11:35] [Server thread/INFO]: Time elapsed: 11146 ms
[11:11:35] [Server thread/INFO]: Preparing start region for dimension minecraft:the_end
[11:11:35] [Worker-Main-4/INFO]: Preparing spawn area: 0%
[11:11:35] [Worker-Main-6/INFO]: Preparing spawn area: 3%
[11:11:36] [Worker-Main-1/INFO]: Preparing spawn area: 35%
[11:11:36] [Server thread/INFO]: Time elapsed: 1491 ms
[11:11:36] [Server thread/INFO]: Server permissions file permissions.yml is empty, ignoring it
[11:11:36] [Server thread/INFO]: Done (49.017s)! For help, type "help"
[11:11:46] [Server thread/INFO]: Villager EntityVillager['Villager'/40, l='ServerLevel[world]', x=131.63, y=69.00, z=194.28] died, message: 'Villager suffocated in a wall'
[11:15:29] [Server thread/INFO]: MrLolita01 joined the game
[11:15:29] [Server thread/INFO]: MrLolita01[/127.0.0.1:57113] logged in with entity id 966 at ([world]-2.5, 82.0, 38.5)
[11:17:44] [Server thread/INFO]: Unknown command. Type "help" for help.
[11:17:46] [Server thread/INFO]: Stopping server
[11:17:46] [Server thread/INFO]: Saving players
[11:17:46] [Server thread/INFO]: MrLolita01 lost connection: Server closed
[11:17:46] [Server thread/INFO]: MrLolita01 left the game.
[11:17:46] [Server thread/INFO]: Saving worlds
[11:17:48] [Server thread/INFO]: Saving chunks for level 'ServerLevel[world]'/minecraft:overworld
[11:17:48] [Server thread/INFO]: Saving chunks for level 'ServerLevel[world_nether]'/minecraft:the_nether
[11:17:48] [Server thread/INFO]: Saving chunks for level 'ServerLevel[world_the_end]'/minecraft:the_end
[11:17:48] [Server thread/INFO]: ThreadedAnvilChunkStorage (world): All chunks are saved
[11:17:48] [Server thread/INFO]: ThreadedAnvilChunkStorage (DIM-1): All chunks are saved
[11:17:48] [Server thread/INFO]: ThreadedAnvilChunkStorage (DIM1): All chunks are saved
[11:17:48] [Server thread/INFO]: ThreadedAnvilChunkStorage: All dimensions are saved
